[2018-04-19 11:04:47] - [WARNING ] - [task_lagou] - [Java共发起了161请求] - [__init__] - [49]
[2018-04-19 11:06:01] - [WARNING ] - [task_lagou] - [C++共发起了89请求] - [__init__] - [49]
[2018-04-19 11:08:01] - [WARNING ] - [task_lagou] - [PHP共发起了138请求] - [__init__] - [49]
[2018-04-19 11:08:24] - [WARNING ] - [task_lagou] - [数据挖掘共发起了32请求] - [__init__] - [49]
[2018-04-19 11:08:25] - [WARNING ] - [task_lagou] - [搜索算法共发起了2请求] - [__init__] - [49]
[2018-04-19 11:08:39] - [WARNING ] - [task_lagou] - [精准推荐共发起了18请求] - [__init__] - [49]
[2018-04-19 11:10:23] - [WARNING ] - [task_lagou] - [C共发起了121请求] - [__init__] - [49]
[2018-04-19 11:10:34] - [WARNING ] - [task_lagou] - [C#共发起了19请求] - [__init__] - [49]
[2018-04-19 11:10:37] - [WARNING ] - [task_lagou] - [全栈工程师共发起了5请求] - [__init__] - [49]
[2018-04-19 11:11:22] - [WARNING ] - [task_lagou] - [.NET共发起了57请求] - [__init__] - [49]
[2018-04-19 11:11:28] - [WARNING ] - [task_lagou] - [Hadoop共发起了8请求] - [__init__] - [49]
[2018-04-19 11:12:07] - [WARNING ] - [task_lagou] - [Python共发起了50请求] - [__init__] - [49]
[2018-04-19 11:12:08] - [WARNING ] - [task_lagou] - [Delphi共发起了1请求] - [__init__] - [49]
[2018-04-19 11:12:08] - [WARNING ] - [task_lagou] - [VB共发起了1请求] - [__init__] - [49]
[2018-04-19 11:12:08] - [WARNING ] - [task_lagou] - [Perl共发起了1请求] - [__init__] - [49]
[2018-04-19 11:12:11] - [WARNING ] - [task_lagou] - [Ruby共发起了4请求] - [__init__] - [49]
[2018-04-19 11:12:22] - [WARNING ] - [task_lagou] - [Node.js共发起了15请求] - [__init__] - [49]
[2018-04-19 11:12:42] - [WARNING ] - [task_lagou] - [Go共发起了27请求] - [__init__] - [49]
[2018-04-19 11:12:45] - [WARNING ] - [task_lagou] - [ASP共发起了5请求] - [__init__] - [49]
[2018-04-19 11:12:45] - [WARNING ] - [task_lagou] - [Shell共发起了1请求] - [__init__] - [49]
[2018-04-19 11:13:28] - [WARNING ] - [task_lagou] - [后端开发其它共发起了56请求] - [__init__] - [49]
[2018-04-19 11:13:35] - [WARNING ] - [task_lagou] - [HTML5共发起了9请求] - [__init__] - [49]
[2018-04-19 11:15:33] - [WARNING ] - [task_lagou] - [Android共发起了146请求] - [__init__] - [49]
[2018-04-19 11:16:58] - [WARNING ] - [task_lagou] - [iOS共发起了109请求] - [__init__] - [49]
[2018-04-19 11:16:58] - [WARNING ] - [task_lagou] - [WP共发起了1请求] - [__init__] - [49]
[2018-04-19 11:16:59] - [WARNING ] - [task_lagou] - [移动开发其它共发起了2请求] - [__init__] - [49]
[2018-04-19 11:19:15] - [WARNING ] - [task_lagou] - [web前端共发起了161请求] - [__init__] - [49]
[2018-04-19 11:19:16] - [WARNING ] - [task_lagou] - [Flash共发起了3请求] - [__init__] - [49]
[2018-04-19 11:19:22] - [WARNING ] - [task_lagou] - [html5共发起了9请求] - [__init__] - [49]
[2018-04-19 11:19:28] - [WARNING ] - [task_lagou] - [JavaScript共发起了8请求] - [__init__] - [49]
[2018-04-19 11:19:47] - [WARNING ] - [task_lagou] - [U3D共发起了25请求] - [__init__] - [49]
[2018-04-19 11:19:54] - [WARNING ] - [task_lagou] - [COCOS2D-X共发起了12请求] - [__init__] - [49]
[2018-04-19 11:22:22] - [WARNING ] - [task_lagou] - [前端开发其它共发起了189请求] - [__init__] - [49]
[2018-04-19 11:22:32] - [WARNING ] - [task_lagou] - [深度学习共发起了14请求] - [__init__] - [49]
[2018-04-19 11:22:49] - [WARNING ] - [task_lagou] - [机器学习共发起了22请求] - [__init__] - [49]
[2018-04-19 11:22:52] - [WARNING ] - [task_lagou] - [图像处理共发起了4请求] - [__init__] - [49]
[2018-04-19 11:22:53] - [WARNING ] - [task_lagou] - [图像识别共发起了2请求] - [__init__] - [49]
[2018-04-19 11:23:01] - [WARNING ] - [task_lagou] - [语音识别共发起了11请求] - [__init__] - [49]
[2018-04-19 11:23:59] - [WARNING ] - [task_lagou] - [机器视觉共发起了81请求] - [__init__] - [49]
[2018-04-19 11:25:18] - [WARNING ] - [task_lagou] - [算法工程师共发起了102请求] - [__init__] - [49]
[2018-04-19 11:25:32] - [WARNING ] - [task_lagou] - [自然语言处理共发起了20请求] - [__init__] - [49]
[2018-04-19 11:27:56] - [WARNING ] - [task_lagou] - [测试工程师共发起了186请求] - [__init__] - [49]
[2018-04-19 11:28:08] - [WARNING ] - [task_lagou] - [自动化测试共发起了18请求] - [__init__] - [49]
[2018-04-19 11:28:12] - [WARNING ] - [task_lagou] - [功能测试共发起了4请求] - [__init__] - [49]
[2018-04-19 11:28:17] - [WARNING ] - [task_lagou] - [性能测试共发起了7请求] - [__init__] - [49]
[2018-04-19 11:28:39] - [WARNING ] - [task_lagou] - [测试开发共发起了30请求] - [__init__] - [49]
[2018-04-19 11:28:47] - [WARNING ] - [task_lagou] - [游戏测试共发起了12请求] - [__init__] - [49]
[2018-04-19 11:31:29] - [WARNING ] - [task_lagou] - [白盒测试共发起了204请求] - [__init__] - [49]
[2018-04-19 11:31:29] - [WARNING ] - [task_lagou] - [灰盒测试共发起了2请求] - [__init__] - [49]
[2018-04-19 11:31:30] - [WARNING ] - [task_lagou] - [黑盒测试共发起了1请求] - [__init__] - [49]
[2018-04-19 11:31:30] - [WARNING ] - [task_lagou] - [手机测试共发起了1请求] - [__init__] - [49]
[2018-04-19 11:31:33] - [WARNING ] - [task_lagou] - [硬件测试共发起了4请求] - [__init__] - [49]
[2018-04-19 11:34:19] - [WARNING ] - [task_lagou] - [测试经理共发起了204请求] - [__init__] - [49]
[2018-04-19 11:37:15] - [WARNING ] - [task_lagou] - [测试其它共发起了206请求] - [__init__] - [49]
[2018-04-19 11:38:41] - [WARNING ] - [task_lagou] - [运维工程师共发起了110请求] - [__init__] - [49]
[2018-04-19 11:38:58] - [WARNING ] - [task_lagou] - [运维开发工程师共发起了23请求] - [__init__] - [49]
[2018-04-19 11:39:57] - [WARNING ] - [task_lagou] - [网络工程师共发起了83请求] - [__init__] - [49]
[2018-04-19 11:40:09] - [WARNING ] - [task_lagou] - [系统工程师共发起了16请求] - [__init__] - [49]
[2018-04-19 11:40:10] - [WARNING ] - [task_lagou] - [IT支持共发起了2请求] - [__init__] - [49]
[2018-04-19 11:40:12] - [WARNING ] - [task_lagou] - [IDC共发起了3请求] - [__init__] - [49]
[2018-04-19 11:40:13] - [WARNING ] - [task_lagou] - [CDN共发起了2请求] - [__init__] - [49]
[2018-04-19 11:40:14] - [WARNING ] - [task_lagou] - [F5共发起了1请求] - [__init__] - [49]
[2018-04-19 11:40:15] - [WARNING ] - [task_lagou] - [系统管理员共发起了2请求] - [__init__] - [49]
[2018-04-19 11:40:15] - [WARNING ] - [task_lagou] - [病毒分析共发起了1请求] - [__init__] - [49]
[2018-04-19 11:40:16] - [WARNING ] - [task_lagou] - [WEB安全共发起了1请求] - [__init__] - [49]
[2018-04-19 11:40:18] - [WARNING ] - [task_lagou] - [网络安全共发起了5请求] - [__init__] - [49]
[2018-04-19 11:40:20] - [WARNING ] - [task_lagou] - [系统安全共发起了2请求] - [__init__] - [49]
[2018-04-19 11:40:23] - [WARNING ] - [task_lagou] - [运维经理共发起了5请求] - [__init__] - [49]
[2018-04-19 11:42:24] - [WARNING ] - [task_lagou] - [运维其它共发起了157请求] - [__init__] - [49]
[2018-04-19 11:42:28] - [WARNING ] - [task_lagou] - [MySQL共发起了6请求] - [__init__] - [49]
[2018-04-19 11:42:28] - [WARNING ] - [task_lagou] - [SQLServer共发起了1请求] - [__init__] - [49]
[2018-04-19 11:42:31] - [WARNING ] - [task_lagou] - [Oracle共发起了4请求] - [__init__] - [49]
[2018-04-19 11:42:32] - [WARNING ] - [task_lagou] - [DB2共发起了1请求] - [__init__] - [49]
[2018-04-19 11:42:32] - [WARNING ] - [task_lagou] - [MongoDB共发起了1请求] - [__init__] - [49]
[2018-04-19 11:42:40] - [WARNING ] - [task_lagou] - [ETL共发起了10请求] - [__init__] - [49]
[2018-04-19 11:42:40] - [WARNING ] - [task_lagou] - [Hive共发起了1请求] - [__init__] - [49]
[2018-04-19 11:42:50] - [WARNING ] - [task_lagou] - [数据仓库共发起了14请求] - [__init__] - [49]
[2018-04-19 11:43:01] - [WARNING ] - [task_lagou] - [DBA其它共发起了18请求] - [__init__] - [49]
[2018-04-19 11:43:34] - [WARNING ] - [task_lagou] - [技术经理共发起了46请求] - [__init__] - [49]
[2018-04-19 11:43:46] - [WARNING ] - [task_lagou] - [技术总监共发起了18请求] - [__init__] - [49]
[2018-04-19 11:45:14] - [WARNING ] - [task_lagou] - [架构师共发起了115请求] - [__init__] - [49]
[2018-04-19 11:45:18] - [WARNING ] - [task_lagou] - [CTO共发起了6请求] - [__init__] - [49]
[2018-04-19 11:45:18] - [WARNING ] - [task_lagou] - [运维总监共发起了1请求] - [__init__] - [49]
[2018-04-19 11:46:01] - [WARNING ] - [task_lagou] - [技术合伙人共发起了47请求] - [__init__] - [49]
[2018-04-19 11:47:52] - [WARNING ] - [task_lagou] - [项目总监共发起了146请求] - [__init__] - [49]
[2018-04-19 11:47:53] - [WARNING ] - [task_lagou] - [测试总监共发起了2请求] - [__init__] - [49]
[2018-04-19 11:48:20] - [WARNING ] - [task_lagou] - [安全专家共发起了40请求] - [__init__] - [49]
[2018-04-19 11:48:55] - [WARNING ] - [task_lagou] - [高端技术职位其它共发起了47请求] - [__init__] - [49]
[2018-04-19 11:50:05] - [WARNING ] - [task_lagou] - [项目经理共发起了96请求] - [__init__] - [49]
[2018-04-19 11:51:30] - [WARNING ] - [task_lagou] - [项目助理共发起了109请求] - [__init__] - [49]
[2018-04-19 11:52:17] - [WARNING ] - [task_lagou] - [硬件共发起了62请求] - [__init__] - [49]
[2018-04-19 11:52:59] - [WARNING ] - [task_lagou] - [嵌入式共发起了58请求] - [__init__] - [49]
[2018-04-19 11:53:15] - [WARNING ] - [task_lagou] - [自动化共发起了23请求] - [__init__] - [49]
[2018-04-19 11:53:16] - [WARNING ] - [task_lagou] - [单片机共发起了2请求] - [__init__] - [49]
[2018-04-19 11:53:16] - [WARNING ] - [task_lagou] - [电路设计共发起了1请求] - [__init__] - [49]
[2018-04-19 11:53:18] - [WARNING ] - [task_lagou] - [驱动开发共发起了3请求] - [__init__] - [49]
[2018-04-19 11:53:20] - [WARNING ] - [task_lagou] - [系统集成共发起了4请求] - [__init__] - [49]
[2018-04-19 11:53:23] - [WARNING ] - [task_lagou] - [FPGA开发共发起了4请求] - [__init__] - [49]
[2018-04-19 11:53:23] - [WARNING ] - [task_lagou] - [DSP开发共发起了1请求] - [__init__] - [49]
[2018-04-19 11:53:24] - [WARNING ] - [task_lagou] - [ARM开发共发起了1请求] - [__init__] - [49]
[2018-04-19 11:53:25] - [WARNING ] - [task_lagou] - [PCB工艺共发起了2请求] - [__init__] - [49]
[2018-04-19 11:53:25] - [WARNING ] - [task_lagou] - [模具设计共发起了1请求] - [__init__] - [49]
[2018-04-19 11:53:25] - [WARNING ] - [task_lagou] - [热传导共发起了1请求] - [__init__] - [49]
[2018-04-19 11:53:26] - [WARNING ] - [task_lagou] - [材料工程师共发起了1请求] - [__init__] - [49]
[2018-04-19 11:53:26] - [WARNING ] - [task_lagou] - [精益工程师共发起了1请求] - [__init__] - [49]
[2018-04-19 11:53:27] - [WARNING ] - [task_lagou] - [射频工程师共发起了2请求] - [__init__] - [49]
[2018-04-19 11:53:49] - [WARNING ] - [task_lagou] - [硬件开发其它共发起了33请求] - [__init__] - [49]
[2018-04-19 11:54:21] - [WARNING ] - [task_lagou] - [实施工程师共发起了47请求] - [__init__] - [49]
[2018-04-19 11:55:00] - [WARNING ] - [task_lagou] - [售前工程师共发起了54请求] - [__init__] - [49]
[2018-04-19 11:55:20] - [WARNING ] - [task_lagou] - [售后工程师共发起了27请求] - [__init__] - [49]
[2018-04-19 11:55:35] - [WARNING ] - [task_lagou] - [BI工程师共发起了19请求] - [__init__] - [49]
[2018-04-19 11:55:35] - [WARNING ] - [task_lagou] - [企业软件其它共发起了1请求] - [__init__] - [49]
[2018-04-19 11:57:22] - [WARNING ] - [task_lagou] - [产品经理共发起了145请求] - [__init__] - [49]
[2018-04-19 12:00:01] - [WARNING ] - [task_lagou] - [网页产品经理共发起了213请求] - [__init__] - [49]
[2018-04-19 12:02:35] - [WARNING ] - [task_lagou] - [移动产品经理共发起了199请求] - [__init__] - [49]
[2018-04-19 12:03:49] - [WARNING ] - [task_lagou] - [产品助理共发起了107请求] - [__init__] - [49]
[2018-04-19 12:06:23] - [WARNING ] - [task_lagou] - [数据产品经理共发起了207请求] - [__init__] - [49]
[2018-04-19 12:08:00] - [WARNING ] - [task_lagou] - [电商产品经理共发起了132请求] - [__init__] - [49]
[2018-04-19 12:08:08] - [WARNING ] - [task_lagou] - [游戏策划共发起了13请求] - [__init__] - [49]
[2018-04-19 12:08:09] - [WARNING ] - [task_lagou] - [产品实习生共发起了1请求] - [__init__] - [49]
[2018-04-19 12:08:21] - [WARNING ] - [task_lagou] - [网页产品设计师共发起了14请求] - [__init__] - [49]
[2018-04-19 12:08:23] - [WARNING ] - [task_lagou] - [无线产品设计师共发起了3请求] - [__init__] - [49]
[2018-04-19 12:08:25] - [WARNING ] - [task_lagou] - [产品部经理共发起了3请求] - [__init__] - [49]
[2018-04-19 12:11:31] - [WARNING ] - [task_lagou] - [产品总监共发起了225请求] - [__init__] - [49]
[2018-04-19 12:12:58] - [WARNING ] - [task_lagou] - [游戏制作人共发起了108请求] - [__init__] - [49]
[2018-04-19 12:13:38] - [WARNING ] - [task_lagou] - [视觉设计师共发起了47请求] - [__init__] - [49]
[2018-04-19 12:13:55] - [WARNING ] - [task_lagou] - [网页设计师共发起了23请求] - [__init__] - [49]
[2018-04-19 12:13:58] - [WARNING ] - [task_lagou] - [Flash设计师共发起了3请求] - [__init__] - [49]
[2018-04-19 12:15:45] - [WARNING ] - [task_lagou] - [APP设计师共发起了129请求] - [__init__] - [49]
[2018-04-19 12:17:06] - [WARNING ] - [task_lagou] - [UI设计师共发起了96请求] - [__init__] - [49]
[2018-04-19 12:18:19] - [WARNING ] - [task_lagou] - [平面设计师共发起了89请求] - [__init__] - [49]
[2018-04-19 12:18:39] - [WARNING ] - [task_lagou] - [美术设计师（2D/3D）共发起了30请求] - [__init__] - [49]
[2018-04-19 12:18:47] - [WARNING ] - [task_lagou] - [广告设计师共发起了12请求] - [__init__] - [49]
[2018-04-19 12:19:08] - [WARNING ] - [task_lagou] - [多媒体设计师共发起了27请求] - [__init__] - [49]
[2018-04-19 12:19:14] - [WARNING ] - [task_lagou] - [原画师共发起了10请求] - [__init__] - [49]
[2018-04-19 12:19:16] - [WARNING ] - [task_lagou] - [游戏特效共发起了4请求] - [__init__] - [49]
[2018-04-19 12:20:10] - [WARNING ] - [task_lagou] - [游戏界面设计师共发起了61请求] - [__init__] - [49]
[2018-04-19 12:20:12] - [WARNING ] - [task_lagou] - [游戏场景共发起了3请求] - [__init__] - [49]
[2018-04-19 12:20:14] - [WARNING ] - [task_lagou] - [游戏角色共发起了2请求] - [__init__] - [49]
[2018-04-19 12:20:16] - [WARNING ] - [task_lagou] - [游戏动作共发起了2请求] - [__init__] - [49]
[2018-04-19 12:20:36] - [WARNING ] - [task_lagou] - [交互设计师共发起了30请求] - [__init__] - [49]
[2018-04-19 12:20:58] - [WARNING ] - [task_lagou] - [无线交互设计师共发起了32请求] - [__init__] - [49]
[2018-04-19 12:21:29] - [WARNING ] - [task_lagou] - [网页交互设计师共发起了44请求] - [__init__] - [49]
[2018-04-19 12:22:13] - [WARNING ] - [task_lagou] - [硬件交互设计师共发起了61请求] - [__init__] - [49]
[2018-04-19 12:24:10] - [WARNING ] - [task_lagou] - [数据分析师共发起了169请求] - [__init__] - [49]
[2018-04-19 12:24:32] - [WARNING ] - [task_lagou] - [用户研究员共发起了30请求] - [__init__] - [49]
[2018-04-19 12:25:04] - [WARNING ] - [task_lagou] - [游戏数值策划共发起了43请求] - [__init__] - [49]
[2018-04-19 12:25:07] - [WARNING ] - [task_lagou] - [设计经理/主管共发起了5请求] - [__init__] - [49]
[2018-04-19 12:25:11] - [WARNING ] - [task_lagou] - [设计总监共发起了7请求] - [__init__] - [49]
[2018-04-19 12:25:16] - [WARNING ] - [task_lagou] - [视觉设计经理/主管共发起了7请求] - [__init__] - [49]
[2018-04-19 12:25:57] - [WARNING ] - [task_lagou] - [视觉设计总监共发起了64请求] - [__init__] - [49]
[2018-04-19 12:26:19] - [WARNING ] - [task_lagou] - [交互设计经理/主管共发起了38请求] - [__init__] - [49]
[2018-04-19 12:26:40] - [WARNING ] - [task_lagou] - [交互设计总监共发起了33请求] - [__init__] - [49]
[2018-04-19 12:26:44] - [WARNING ] - [task_lagou] - [用户研究经理/主管共发起了7请求] - [__init__] - [49]
[2018-04-19 12:26:47] - [WARNING ] - [task_lagou] - [用户研究总监共发起了7请求] - [__init__] - [49]
[2018-04-19 12:28:50] - [WARNING ] - [task_lagou] - [用户运营共发起了172请求] - [__init__] - [49]
[2018-04-19 12:29:37] - [WARNING ] - [task_lagou] - [产品运营共发起了74请求] - [__init__] - [49]
[2018-04-19 12:29:47] - [WARNING ] - [task_lagou] - [数据运营共发起了16请求] - [__init__] - [49]
[2018-04-19 12:30:26] - [WARNING ] - [task_lagou] - [内容运营共发起了59请求] - [__init__] - [49]
[2018-04-19 12:30:45] - [WARNING ] - [task_lagou] - [活动运营共发起了30请求] - [__init__] - [49]
[2018-04-19 12:30:50] - [WARNING ] - [task_lagou] - [商家运营共发起了7请求] - [__init__] - [49]
[2018-04-19 12:30:53] - [WARNING ] - [task_lagou] - [品类运营共发起了4请求] - [__init__] - [49]
[2018-04-19 12:31:02] - [WARNING ] - [task_lagou] - [游戏运营共发起了14请求] - [__init__] - [49]
[2018-04-19 12:31:18] - [WARNING ] - [task_lagou] - [网络推广共发起了24请求] - [__init__] - [49]
[2018-04-19 12:33:23] - [WARNING ] - [task_lagou] - [运营专员共发起了154请求] - [__init__] - [49]
[2018-04-19 12:36:11] - [WARNING ] - [task_lagou] - [网店运营共发起了207请求] - [__init__] - [49]
[2018-04-19 12:37:48] - [WARNING ] - [task_lagou] - [新媒体运营共发起了133请求] - [__init__] - [49]
[2018-04-19 12:37:53] - [WARNING ] - [task_lagou] - [海外运营共发起了9请求] - [__init__] - [49]
[2018-04-19 12:39:24] - [WARNING ] - [task_lagou] - [运营经理共发起了128请求] - [__init__] - [49]
[2018-04-19 12:39:25] - [WARNING ] - [task_lagou] - [副主编共发起了1请求] - [__init__] - [49]
[2018-04-19 12:39:35] - [WARNING ] - [task_lagou] - [内容编辑共发起了17请求] - [__init__] - [49]
[2018-04-19 12:40:24] - [WARNING ] - [task_lagou] - [文案策划共发起了65请求] - [__init__] - [49]
[2018-04-19 12:40:28] - [WARNING ] - [task_lagou] - [记者共发起了7请求] - [__init__] - [49]
[2018-04-19 12:41:20] - [WARNING ] - [task_lagou] - [售前咨询共发起了77请求] - [__init__] - [49]
[2018-04-19 12:41:29] - [WARNING ] - [task_lagou] - [售后客服共发起了9请求] - [__init__] - [49]
[2018-04-19 12:41:34] - [WARNING ] - [task_lagou] - [淘宝客服共发起了7请求] - [__init__] - [49]
[2018-04-19 12:41:37] - [WARNING ] - [task_lagou] - [客服经理共发起了7请求] - [__init__] - [49]
[2018-04-19 12:41:43] - [WARNING ] - [task_lagou] - [主编共发起了11请求] - [__init__] - [49]
[2018-04-19 12:42:06] - [WARNING ] - [task_lagou] - [运营总监共发起了39请求] - [__init__] - [49]
[2018-04-19 12:42:07] - [WARNING ] - [task_lagou] - [COO共发起了3请求] - [__init__] - [49]
[2018-04-19 12:44:10] - [WARNING ] - [task_lagou] - [客服总监共发起了173请求] - [__init__] - [49]
[2018-04-19 12:44:19] - [WARNING ] - [task_lagou] - [市场营销共发起了16请求] - [__init__] - [49]
[2018-04-19 12:44:25] - [WARNING ] - [task_lagou] - [市场策划共发起了10请求] - [__init__] - [49]
[2018-04-19 12:44:25] - [WARNING ] - [task_lagou] - [市场顾问共发起了1请求] - [__init__] - [49]
[2018-04-19 12:44:42] - [WARNING ] - [task_lagou] - [市场推广共发起了21请求] - [__init__] - [49]
[2018-04-19 12:45:09] - [WARNING ] - [task_lagou] - [SEO共发起了39请求] - [__init__] - [49]
[2018-04-19 12:45:22] - [WARNING ] - [task_lagou] - [SEM共发起了23请求] - [__init__] - [49]
[2018-04-19 12:46:19] - [WARNING ] - [task_lagou] - [商务渠道共发起了76请求] - [__init__] - [49]
[2018-04-19 12:47:18] - [WARNING ] - [task_lagou] - [商业数据分析共发起了87请求] - [__init__] - [49]
[2018-04-19 12:47:35] - [WARNING ] - [task_lagou] - [活动策划共发起了28请求] - [__init__] - [49]
[2018-04-19 12:47:38] - [WARNING ] - [task_lagou] - [网络营销共发起了6请求] - [__init__] - [49]
[2018-04-19 12:47:43] - [WARNING ] - [task_lagou] - [海外市场共发起了7请求] - [__init__] - [49]
[2018-04-19 12:47:45] - [WARNING ] - [task_lagou] - [政府关系共发起了4请求] - [__init__] - [49]
[2018-04-19 12:48:06] - [WARNING ] - [task_lagou] - [媒介经理共发起了34请求] - [__init__] - [49]
[2018-04-19 12:48:06] - [WARNING ] - [task_lagou] - [广告协调共发起了1请求] - [__init__] - [49]
[2018-04-19 12:48:25] - [WARNING ] - [task_lagou] - [品牌公关共发起了31请求] - [__init__] - [49]
[2018-04-19 12:49:38] - [WARNING ] - [task_lagou] - [销售专员共发起了100请求] - [__init__] - [49]
[2018-04-19 12:51:33] - [WARNING ] - [task_lagou] - [销售经理共发起了146请求] - [__init__] - [49]
[2018-04-19 12:51:39] - [WARNING ] - [task_lagou] - [客户代表共发起了11请求] - [__init__] - [49]
[2018-04-19 12:51:42] - [WARNING ] - [task_lagou] - [大客户代表共发起了4请求] - [__init__] - [49]
[2018-04-19 12:52:34] - [WARNING ] - [task_lagou] - [BD经理共发起了74请求] - [__init__] - [49]
[2018-04-19 12:53:36] - [WARNING ] - [task_lagou] - [商务渠道共发起了76请求] - [__init__] - [49]
[2018-04-19 12:53:47] - [WARNING ] - [task_lagou] - [渠道销售共发起了17请求] - [__init__] - [49]
[2018-04-19 12:53:48] - [WARNING ] - [task_lagou] - [代理商销售共发起了1请求] - [__init__] - [49]
[2018-04-19 12:54:54] - [WARNING ] - [task_lagou] - [销售助理共发起了88请求] - [__init__] - [49]
[2018-04-19 12:55:18] - [WARNING ] - [task_lagou] - [电话销售共发起了32请求] - [__init__] - [49]
[2018-04-19 12:55:45] - [WARNING ] - [task_lagou] - [销售顾问共发起了39请求] - [__init__] - [49]
[2018-04-19 12:55:45] - [WARNING ] - [task_lagou] - [商品经理共发起了1请求] - [__init__] - [49]
[2018-04-19 12:55:53] - [WARNING ] - [task_lagou] - [物流共发起了12请求] - [__init__] - [49]
[2018-04-19 12:55:55] - [WARNING ] - [task_lagou] - [仓储共发起了4请求] - [__init__] - [49]
[2018-04-19 12:56:14] - [WARNING ] - [task_lagou] - [采购专员共发起了32请求] - [__init__] - [49]
[2018-04-19 12:56:39] - [WARNING ] - [task_lagou] - [采购经理共发起了32请求] - [__init__] - [49]
[2018-04-19 12:56:40] - [WARNING ] - [task_lagou] - [商品经理共发起了1请求] - [__init__] - [49]
[2018-04-19 12:57:46] - [WARNING ] - [task_lagou] - [分析师共发起了91请求] - [__init__] - [49]
[2018-04-19 12:58:26] - [WARNING ] - [task_lagou] - [投资顾问共发起了52请求] - [__init__] - [49]
[2018-04-19 12:58:38] - [WARNING ] - [task_lagou] - [投资经理共发起了19请求] - [__init__] - [49]
[2018-04-19 12:58:47] - [WARNING ] - [task_lagou] - [市场总监共发起了12请求] - [__init__] - [49]
[2018-04-19 12:59:09] - [WARNING ] - [task_lagou] - [销售总监共发起了34请求] - [__init__] - [49]
[2018-04-19 12:59:13] - [WARNING ] - [task_lagou] - [商务总监共发起了6请求] - [__init__] - [49]
[2018-04-19 12:59:20] - [WARNING ] - [task_lagou] - [CMO共发起了10请求] - [__init__] - [49]
[2018-04-19 12:59:22] - [WARNING ] - [task_lagou] - [公关总监共发起了3请求] - [__init__] - [49]
[2018-04-19 12:59:43] - [WARNING ] - [task_lagou] - [采购总监共发起了32请求] - [__init__] - [49]
[2018-04-19 12:59:56] - [WARNING ] - [task_lagou] - [投资总监共发起了18请求] - [__init__] - [49]
[2018-04-19 13:01:31] - [WARNING ] - [task_lagou] - [人力资源共发起了120请求] - [__init__] - [49]
[2018-04-19 13:02:46] - [WARNING ] - [task_lagou] - [招聘共发起了107请求] - [__init__] - [49]
[2018-04-19 13:03:07] - [WARNING ] - [task_lagou] - [HRBP共发起了34请求] - [__init__] - [49]
[2018-04-19 13:04:12] - [WARNING ] - [task_lagou] - [人事/HR共发起了88请求] - [__init__] - [49]
[2018-04-19 13:04:19] - [WARNING ] - [task_lagou] - [培训经理共发起了10请求] - [__init__] - [49]
[2018-04-19 13:04:19] - [WARNING ] - [task_lagou] - [薪资福利经理共发起了1请求] - [__init__] - [49]
[2018-04-19 13:04:20] - [WARNING ] - [task_lagou] - [绩效考核经理共发起了1请求] - [__init__] - [49]
[2018-04-19 13:04:26] - [WARNING ] - [task_lagou] - [员工关系共发起了9请求] - [__init__] - [49]
[2018-04-19 13:06:45] - [WARNING ] - [task_lagou] - [助理共发起了179请求] - [__init__] - [49]
[2018-04-19 13:07:22] - [WARNING ] - [task_lagou] - [前台共发起了55请求] - [__init__] - [49]
[2018-04-19 13:09:02] - [WARNING ] - [task_lagou] - [行政共发起了136请求] - [__init__] - [49]
[2018-04-19 13:09:04] - [WARNING ] - [task_lagou] - [总助共发起了2请求] - [__init__] - [49]
[2018-04-19 13:09:05] - [WARNING ] - [task_lagou] - [文秘共发起了2请求] - [__init__] - [49]
[2018-04-19 13:09:51] - [WARNING ] - [task_lagou] - [会计共发起了64请求] - [__init__] - [49]
[2018-04-19 13:10:12] - [WARNING ] - [task_lagou] - [出纳共发起了29请求] - [__init__] - [49]
[2018-04-19 13:11:07] - [WARNING ] - [task_lagou] - [财务共发起了77请求] - [__init__] - [49]
[2018-04-19 13:11:13] - [WARNING ] - [task_lagou] - [结算共发起了9请求] - [__init__] - [49]
[2018-04-19 13:11:21] - [WARNING ] - [task_lagou] - [税务共发起了8请求] - [__init__] - [49]
[2018-04-19 13:11:24] - [WARNING ] - [task_lagou] - [审计共发起了6请求] - [__init__] - [49]
[2018-04-19 13:11:47] - [WARNING ] - [task_lagou] - [风控共发起了33请求] - [__init__] - [49]
[2018-04-19 13:12:14] - [WARNING ] - [task_lagou] - [法务共发起了39请求] - [__init__] - [49]
[2018-04-19 13:12:14] - [WARNING ] - [task_lagou] - [律师共发起了1请求] - [__init__] - [49]
[2018-04-19 13:12:17] - [WARNING ] - [task_lagou] - [专利共发起了4请求] - [__init__] - [49]
[2018-04-19 13:12:18] - [WARNING ] - [task_lagou] - [行政总监/经理共发起了2请求] - [__init__] - [49]
[2018-04-19 13:12:22] - [WARNING ] - [task_lagou] - [财务总监/经理共发起了7请求] - [__init__] - [49]
[2018-04-19 13:12:24] - [WARNING ] - [task_lagou] - [HRD/HRM共发起了3请求] - [__init__] - [49]
[2018-04-19 13:12:28] - [WARNING ] - [task_lagou] - [CFO共发起了7请求] - [__init__] - [49]
[2018-04-19 13:12:31] - [WARNING ] - [task_lagou] - [CEO共发起了5请求] - [__init__] - [49]
[2018-04-19 13:12:43] - [WARNING ] - [task_lagou] - [投资经理共发起了19请求] - [__init__] - [49]
[2018-04-19 13:13:50] - [WARNING ] - [task_lagou] - [分析师共发起了91请求] - [__init__] - [49]
[2018-04-19 13:14:02] - [WARNING ] - [task_lagou] - [投资助理共发起了18请求] - [__init__] - [49]
[2018-04-19 13:14:07] - [WARNING ] - [task_lagou] - [融资共发起了7请求] - [__init__] - [49]
